{"D:\\Users\\CHIRAG\\Desktop\\Test-main\\Backend\\server.js": {"path":"D:\\Users\\CHIRAG\\Desktop\\Test-main\\Backend\\server.js","statementMap":{"0":{"start":{"line":10,"column":20},"end":{"line":13,"column":2}},"1":{"start":{"line":15,"column":0},"end":{"line":17,"column":3}},"2":{"start":{"line":16,"column":2},"end":{"line":16,"column":36}},"3":{"start":{"line":19,"column":0},"end":{"line":21,"column":3}},"4":{"start":{"line":20,"column":2},"end":{"line":20,"column":37}},"5":{"start":{"line":25,"column":4},"end":{"line":25,"column":12}},"6":{"start":{"line":26,"column":4},"end":{"line":26,"column":35}},"7":{"start":{"line":27,"column":4},"end":{"line":29,"column":7}},"8":{"start":{"line":28,"column":6},"end":{"line":28,"column":30}},"9":{"start":{"line":33,"column":4},"end":{"line":38,"column":5}},"10":{"start":{"line":34,"column":26},"end":{"line":34,"column":57}},"11":{"start":{"line":35,"column":6},"end":{"line":35,"column":67}},"12":{"start":{"line":37,"column":6},"end":{"line":37,"column":20}},"13":{"start":{"line":42,"column":4},"end":{"line":47,"column":5}},"14":{"start":{"line":43,"column":6},"end":{"line":43,"column":79}},"15":{"start":{"line":44,"column":6},"end":{"line":44,"column":21}},"16":{"start":{"line":46,"column":6},"end":{"line":46,"column":20}},"17":{"start":{"line":51,"column":4},"end":{"line":56,"column":5}},"18":{"start":{"line":52,"column":6},"end":{"line":52,"column":38}},"19":{"start":{"line":53,"column":6},"end":{"line":53,"column":21}},"20":{"start":{"line":55,"column":6},"end":{"line":55,"column":20}},"21":{"start":{"line":61,"column":12},"end":{"line":61,"column":21}},"22":{"start":{"line":64,"column":0},"end":{"line":64,"column":27}},"23":{"start":{"line":65,"column":0},"end":{"line":65,"column":16}},"24":{"start":{"line":68,"column":0},"end":{"line":76,"column":2}},"25":{"start":{"line":79,"column":0},"end":{"line":85,"column":36}},"26":{"start":{"line":84,"column":14},"end":{"line":84,"column":46}},"27":{"start":{"line":85,"column":18},"end":{"line":85,"column":34}},"28":{"start":{"line":88,"column":0},"end":{"line":88,"column":27}},"29":{"start":{"line":91,"column":0},"end":{"line":94,"column":3}},"30":{"start":{"line":92,"column":2},"end":{"line":92,"column":42}},"31":{"start":{"line":93,"column":2},"end":{"line":93,"column":32}},"32":{"start":{"line":97,"column":13},"end":{"line":97,"column":37}},"33":{"start":{"line":98,"column":0},"end":{"line":100,"column":3}},"34":{"start":{"line":99,"column":2},"end":{"line":99,"column":48}}},"fnMap":{"0":{"name":"(anonymous_0)","decl":{"start":{"line":15,"column":26},"end":{"line":15,"column":27}},"loc":{"start":{"line":15,"column":32},"end":{"line":17,"column":1}},"line":15},"1":{"name":"(anonymous_1)","decl":{"start":{"line":19,"column":24},"end":{"line":19,"column":25}},"loc":{"start":{"line":19,"column":33},"end":{"line":21,"column":1}},"line":19},"2":{"name":"(anonymous_2)","decl":{"start":{"line":24,"column":2},"end":{"line":24,"column":3}},"loc":{"start":{"line":24,"column":27},"end":{"line":30,"column":3}},"line":24},"3":{"name":"(anonymous_3)","decl":{"start":{"line":27,"column":38},"end":{"line":27,"column":39}},"loc":{"start":{"line":27,"column":44},"end":{"line":29,"column":5}},"line":27},"4":{"name":"(anonymous_4)","decl":{"start":{"line":32,"column":2},"end":{"line":32,"column":3}},"loc":{"start":{"line":32,"column":27},"end":{"line":39,"column":3}},"line":32},"5":{"name":"(anonymous_5)","decl":{"start":{"line":41,"column":2},"end":{"line":41,"column":3}},"loc":{"start":{"line":41,"column":40},"end":{"line":48,"column":3}},"line":41},"6":{"name":"(anonymous_6)","decl":{"start":{"line":50,"column":2},"end":{"line":50,"column":3}},"loc":{"start":{"line":50,"column":31},"end":{"line":57,"column":3}},"line":50},"7":{"name":"(anonymous_7)","decl":{"start":{"line":84,"column":8},"end":{"line":84,"column":9}},"loc":{"start":{"line":84,"column":14},"end":{"line":84,"column":46}},"line":84},"8":{"name":"(anonymous_8)","decl":{"start":{"line":85,"column":9},"end":{"line":85,"column":10}},"loc":{"start":{"line":85,"column":18},"end":{"line":85,"column":34}},"line":85},"9":{"name":"(anonymous_9)","decl":{"start":{"line":91,"column":24},"end":{"line":91,"column":25}},"loc":{"start":{"line":91,"column":38},"end":{"line":94,"column":1}},"line":91},"10":{"name":"(anonymous_10)","decl":{"start":{"line":98,"column":17},"end":{"line":98,"column":18}},"loc":{"start":{"line":98,"column":23},"end":{"line":100,"column":1}},"line":98}},"branchMap":{"0":{"loc":{"start":{"line":35,"column":21},"end":{"line":35,"column":65}},"type":"cond-expr","locations":[{"start":{"line":35,"column":35},"end":{"line":35,"column":58}},{"start":{"line":35,"column":61},"end":{"line":35,"column":65}}],"line":35},"1":{"loc":{"start":{"line":97,"column":13},"end":{"line":97,"column":37}},"type":"binary-expr","locations":[{"start":{"line":97,"column":13},"end":{"line":97,"column":29}},{"start":{"line":97,"column":33},"end":{"line":97,"column":37}}],"line":97}},"s":{"0":1,"1":1,"2":1,"3":1,"4":0,"5":1,"6":1,"7":1,"8":0,"9":0,"10":0,"11":0,"12":0,"13":0,"14":0,"15":0,"16":0,"17":0,"18":0,"19":0,"20":0,"21":1,"22":1,"23":1,"24":1,"25":1,"26":1,"27":0,"28":1,"29":1,"30":0,"31":0,"32":1,"33":1,"34":1},"f":{"0":1,"1":0,"2":1,"3":0,"4":0,"5":0,"6":0,"7":1,"8":0,"9":0,"10":1},"b":{"0":[0,0],"1":[1,1]},"_coverageSchema":"1a1c01bbd47fc00a2c39e90264f33305004495a9","hash":"c7fb3e751ada684f8e720c4f3fc80fd27f9d1ae0"}
,"D:\\Users\\CHIRAG\\Desktop\\Test-main\\Backend\\controllers\\faqController.js": {"path":"D:\\Users\\CHIRAG\\Desktop\\Test-main\\Backend\\controllers\\faqController.js","statementMap":{"0":{"start":{"line":6,"column":25},"end":{"line":52,"column":1}},"1":{"start":{"line":7,"column":37},"end":{"line":7,"column":45}},"2":{"start":{"line":8,"column":2},"end":{"line":8,"column":59}},"3":{"start":{"line":10,"column":2},"end":{"line":51,"column":3}},"4":{"start":{"line":12,"column":29},"end":{"line":12,"column":51}},"5":{"start":{"line":13,"column":27},"end":{"line":13,"column":47}},"6":{"start":{"line":15,"column":4},"end":{"line":27,"column":5}},"7":{"start":{"line":17,"column":59},"end":{"line":20,"column":8}},"8":{"start":{"line":23,"column":6},"end":{"line":26,"column":9}},"9":{"start":{"line":29,"column":4},"end":{"line":34,"column":7}},"10":{"start":{"line":37,"column":19},"end":{"line":42,"column":6}},"11":{"start":{"line":44,"column":4},"end":{"line":44,"column":24}},"12":{"start":{"line":45,"column":4},"end":{"line":45,"column":51}},"13":{"start":{"line":47,"column":4},"end":{"line":47,"column":33}},"14":{"start":{"line":49,"column":4},"end":{"line":49,"column":46}},"15":{"start":{"line":50,"column":4},"end":{"line":50,"column":65}},"16":{"start":{"line":59,"column":2},"end":{"line":85,"column":5}},"17":{"start":{"line":60,"column":14},"end":{"line":60,"column":40}},"18":{"start":{"line":61,"column":28},"end":{"line":61,"column":53}},"19":{"start":{"line":62,"column":20},"end":{"line":62,"column":21}},"20":{"start":{"line":65,"column":6},"end":{"line":80,"column":11}},"21":{"start":{"line":68,"column":10},"end":{"line":79,"column":11}},"22":{"start":{"line":69,"column":26},"end":{"line":69,"column":53}},"23":{"start":{"line":70,"column":12},"end":{"line":76,"column":13}},"24":{"start":{"line":71,"column":40},"end":{"line":73,"column":26}},"25":{"start":{"line":74,"column":14},"end":{"line":74,"column":40}},"26":{"start":{"line":75,"column":14},"end":{"line":75,"column":53}},"27":{"start":{"line":78,"column":12},"end":{"line":78,"column":35}},"28":{"start":{"line":83,"column":4},"end":{"line":83,"column":29}},"29":{"start":{"line":84,"column":4},"end":{"line":84,"column":30}},"30":{"start":{"line":88,"column":25},"end":{"line":104,"column":1}},"31":{"start":{"line":89,"column":17},"end":{"line":89,"column":27}},"32":{"start":{"line":91,"column":2},"end":{"line":103,"column":3}},"33":{"start":{"line":92,"column":16},"end":{"line":92,"column":38}},"34":{"start":{"line":94,"column":4},"end":{"line":96,"column":5}},"35":{"start":{"line":95,"column":6},"end":{"line":95,"column":62}},"36":{"start":{"line":98,"column":4},"end":{"line":98,"column":23}},"37":{"start":{"line":99,"column":4},"end":{"line":99,"column":66}},"38":{"start":{"line":101,"column":4},"end":{"line":101,"column":25}},"39":{"start":{"line":102,"column":4},"end":{"line":102,"column":80}},"40":{"start":{"line":106,"column":23},"end":{"line":124,"column":1}},"41":{"start":{"line":107,"column":26},"end":{"line":107,"column":35}},"42":{"start":{"line":109,"column":2},"end":{"line":123,"column":3}},"43":{"start":{"line":111,"column":17},"end":{"line":111,"column":40}},"44":{"start":{"line":112,"column":27},"end":{"line":115,"column":7}},"45":{"start":{"line":112,"column":46},"end":{"line":115,"column":5}},"46":{"start":{"line":120,"column":4},"end":{"line":120,"column":41}},"47":{"start":{"line":122,"column":4},"end":{"line":122,"column":68}}},"fnMap":{"0":{"name":"(anonymous_0)","decl":{"start":{"line":6,"column":25},"end":{"line":6,"column":26}},"loc":{"start":{"line":6,"column":45},"end":{"line":52,"column":1}},"line":6},"1":{"name":"restoreHtmlFormatting","decl":{"start":{"line":58,"column":22},"end":{"line":58,"column":43}},"loc":{"start":{"line":58,"column":74},"end":{"line":86,"column":1}},"line":58},"2":{"name":"(anonymous_2)","decl":{"start":{"line":59,"column":21},"end":{"line":59,"column":22}},"loc":{"start":{"line":59,"column":34},"end":{"line":85,"column":3}},"line":59},"3":{"name":"replaceTextNodes","decl":{"start":{"line":64,"column":13},"end":{"line":64,"column":29}},"loc":{"start":{"line":64,"column":39},"end":{"line":81,"column":5}},"line":64},"4":{"name":"(anonymous_4)","decl":{"start":{"line":67,"column":14},"end":{"line":67,"column":15}},"loc":{"start":{"line":67,"column":27},"end":{"line":80,"column":9}},"line":67},"5":{"name":"(anonymous_5)","decl":{"start":{"line":88,"column":25},"end":{"line":88,"column":26}},"loc":{"start":{"line":88,"column":45},"end":{"line":104,"column":1}},"line":88},"6":{"name":"(anonymous_6)","decl":{"start":{"line":106,"column":23},"end":{"line":106,"column":24}},"loc":{"start":{"line":106,"column":43},"end":{"line":124,"column":1}},"line":106},"7":{"name":"(anonymous_7)","decl":{"start":{"line":112,"column":36},"end":{"line":112,"column":37}},"loc":{"start":{"line":112,"column":46},"end":{"line":115,"column":5}},"line":112}},"branchMap":{"0":{"loc":{"start":{"line":15,"column":4},"end":{"line":27,"column":5}},"type":"if","locations":[{"start":{"line":15,"column":4},"end":{"line":27,"column":5}},{"start":{},"end":{}}],"line":15},"1":{"loc":{"start":{"line":68,"column":10},"end":{"line":79,"column":11}},"type":"if","locations":[{"start":{"line":68,"column":10},"end":{"line":79,"column":11}},{"start":{"line":77,"column":17},"end":{"line":79,"column":11}}],"line":68},"2":{"loc":{"start":{"line":70,"column":12},"end":{"line":76,"column":13}},"type":"if","locations":[{"start":{"line":70,"column":12},"end":{"line":76,"column":13}},{"start":{},"end":{}}],"line":70},"3":{"loc":{"start":{"line":94,"column":4},"end":{"line":96,"column":5}},"type":"if","locations":[{"start":{"line":94,"column":4},"end":{"line":96,"column":5}},{"start":{},"end":{}}],"line":94},"4":{"loc":{"start":{"line":107,"column":10},"end":{"line":107,"column":21}},"type":"default-arg","locations":[{"start":{"line":107,"column":17},"end":{"line":107,"column":21}}],"line":107},"5":{"loc":{"start":{"line":113,"column":16},"end":{"line":113,"column":55}},"type":"binary-expr","locations":[{"start":{"line":113,"column":16},"end":{"line":113,"column":39}},{"start":{"line":113,"column":43},"end":{"line":113,"column":55}}],"line":113},"6":{"loc":{"start":{"line":114,"column":14},"end":{"line":114,"column":49}},"type":"binary-expr","locations":[{"start":{"line":114,"column":14},"end":{"line":114,"column":35}},{"start":{"line":114,"column":39},"end":{"line":114,"column":49}}],"line":114}},"s":{"0":1,"1":1,"2":1,"3":1,"4":1,"5":1,"6":1,"7":0,"8":0,"9":1,"10":1,"11":1,"12":1,"13":1,"14":0,"15":0,"16":0,"17":0,"18":0,"19":0,"20":0,"21":0,"22":0,"23":0,"24":0,"25":0,"26":0,"27":0,"28":0,"29":0,"30":1,"31":0,"32":0,"33":0,"34":0,"35":0,"36":0,"37":0,"38":0,"39":0,"40":1,"41":1,"42":1,"43":1,"44":1,"45":1,"46":1,"47":0},"f":{"0":1,"1":0,"2":0,"3":0,"4":0,"5":0,"6":1,"7":1},"b":{"0":[0,1],"1":[0,0],"2":[0,0],"3":[0,0],"4":[1],"5":[1,1],"6":[1,1]},"_coverageSchema":"1a1c01bbd47fc00a2c39e90264f33305004495a9","hash":"72b1b936ebc3f1d17a418203141f097e3ce64507"}
,"D:\\Users\\CHIRAG\\Desktop\\Test-main\\Backend\\models\\faq.js": {"path":"D:\\Users\\CHIRAG\\Desktop\\Test-main\\Backend\\models\\faq.js","statementMap":{"0":{"start":{"line":3,"column":18},"end":{"line":11,"column":2}},"1":{"start":{"line":14,"column":0},"end":{"line":25,"column":2}},"2":{"start":{"line":15,"column":17},"end":{"line":15,"column":30}},"3":{"start":{"line":16,"column":15},"end":{"line":16,"column":26}},"4":{"start":{"line":19,"column":2},"end":{"line":22,"column":3}},"5":{"start":{"line":20,"column":4},"end":{"line":20,"column":64}},"6":{"start":{"line":21,"column":4},"end":{"line":21,"column":58}},"7":{"start":{"line":24,"column":2},"end":{"line":24,"column":30}},"8":{"start":{"line":27,"column":12},"end":{"line":27,"column":44}}},"fnMap":{"0":{"name":"(anonymous_0)","decl":{"start":{"line":14,"column":35},"end":{"line":14,"column":36}},"loc":{"start":{"line":14,"column":51},"end":{"line":25,"column":1}},"line":14}},"branchMap":{"0":{"loc":{"start":{"line":19,"column":2},"end":{"line":22,"column":3}},"type":"if","locations":[{"start":{"line":19,"column":2},"end":{"line":22,"column":3}},{"start":{},"end":{}}],"line":19},"1":{"loc":{"start":{"line":20,"column":15},"end":{"line":20,"column":63}},"type":"binary-expr","locations":[{"start":{"line":20,"column":15},"end":{"line":20,"column":51}},{"start":{"line":20,"column":55},"end":{"line":20,"column":63}}],"line":20},"2":{"loc":{"start":{"line":21,"column":13},"end":{"line":21,"column":57}},"type":"binary-expr","locations":[{"start":{"line":21,"column":13},"end":{"line":21,"column":47}},{"start":{"line":21,"column":51},"end":{"line":21,"column":57}}],"line":21}},"s":{"0":1,"1":1,"2":0,"3":0,"4":0,"5":0,"6":0,"7":0,"8":1},"f":{"0":0},"b":{"0":[0,0],"1":[0,0],"2":[0,0]},"_coverageSchema":"1a1c01bbd47fc00a2c39e90264f33305004495a9","hash":"4c1961d86903d0738321307d395f106aaed3591e"}
,"D:\\Users\\CHIRAG\\Desktop\\Test-main\\Backend\\routes\\faqRoutes.js": {"path":"D:\\Users\\CHIRAG\\Desktop\\Test-main\\Backend\\routes\\faqRoutes.js","statementMap":{"0":{"start":{"line":4,"column":15},"end":{"line":4,"column":31}},"1":{"start":{"line":6,"column":0},"end":{"line":6,"column":32}},"2":{"start":{"line":8,"column":0},"end":{"line":8,"column":29}},"3":{"start":{"line":10,"column":0},"end":{"line":10,"column":38}}},"fnMap":{},"branchMap":{},"s":{"0":1,"1":1,"2":1,"3":1},"f":{},"b":{},"_coverageSchema":"1a1c01bbd47fc00a2c39e90264f33305004495a9","hash":"0756c7252385a5c6f470071f6f4f33c1c5c5bb16"}
,"D:\\Users\\CHIRAG\\Desktop\\Test-main\\Backend\\services\\translateService.js": {"path":"D:\\Users\\CHIRAG\\Desktop\\Test-main\\Backend\\services\\translateService.js","statementMap":{"0":{"start":{"line":4,"column":29},"end":{"line":20,"column":1}},"1":{"start":{"line":5,"column":4},"end":{"line":5,"column":74}},"2":{"start":{"line":7,"column":23},"end":{"line":7,"column":34}},"3":{"start":{"line":8,"column":22},"end":{"line":8,"column":46}},"4":{"start":{"line":9,"column":4},"end":{"line":9,"column":39}},"5":{"start":{"line":10,"column":4},"end":{"line":10,"column":41}},"6":{"start":{"line":12,"column":4},"end":{"line":19,"column":5}},"7":{"start":{"line":13,"column":20},"end":{"line":13,"column":70}},"8":{"start":{"line":14,"column":8},"end":{"line":14,"column":50}},"9":{"start":{"line":15,"column":8},"end":{"line":15,"column":24}},"10":{"start":{"line":17,"column":8},"end":{"line":17,"column":49}},"11":{"start":{"line":18,"column":8},"end":{"line":18,"column":20}},"12":{"start":{"line":23,"column":20},"end":{"line":23,"column":22}},"13":{"start":{"line":25,"column":4},"end":{"line":37,"column":5}},"14":{"start":{"line":26,"column":8},"end":{"line":32,"column":11}},"15":{"start":{"line":27,"column":12},"end":{"line":31,"column":13}},"16":{"start":{"line":28,"column":16},"end":{"line":28,"column":34}},"17":{"start":{"line":29,"column":19},"end":{"line":31,"column":13}},"18":{"start":{"line":30,"column":16},"end":{"line":30,"column":63}},"19":{"start":{"line":33,"column":11},"end":{"line":37,"column":5}},"20":{"start":{"line":34,"column":8},"end":{"line":34,"column":34}},"21":{"start":{"line":35,"column":11},"end":{"line":37,"column":5}},"22":{"start":{"line":36,"column":8},"end":{"line":36,"column":63}},"23":{"start":{"line":39,"column":4},"end":{"line":39,"column":21}}},"fnMap":{"0":{"name":"(anonymous_0)","decl":{"start":{"line":4,"column":29},"end":{"line":4,"column":30}},"loc":{"start":{"line":4,"column":66},"end":{"line":20,"column":1}},"line":4},"1":{"name":"getPlainText","decl":{"start":{"line":22,"column":9},"end":{"line":22,"column":21}},"loc":{"start":{"line":22,"column":37},"end":{"line":40,"column":1}},"line":22},"2":{"name":"(anonymous_2)","decl":{"start":{"line":26,"column":30},"end":{"line":26,"column":31}},"loc":{"start":{"line":26,"column":38},"end":{"line":32,"column":9}},"line":26}},"branchMap":{"0":{"loc":{"start":{"line":25,"column":4},"end":{"line":37,"column":5}},"type":"if","locations":[{"start":{"line":25,"column":4},"end":{"line":37,"column":5}},{"start":{"line":33,"column":11},"end":{"line":37,"column":5}}],"line":25},"1":{"loc":{"start":{"line":27,"column":12},"end":{"line":31,"column":13}},"type":"if","locations":[{"start":{"line":27,"column":12},"end":{"line":31,"column":13}},{"start":{"line":29,"column":19},"end":{"line":31,"column":13}}],"line":27},"2":{"loc":{"start":{"line":29,"column":19},"end":{"line":31,"column":13}},"type":"if","locations":[{"start":{"line":29,"column":19},"end":{"line":31,"column":13}},{"start":{},"end":{}}],"line":29},"3":{"loc":{"start":{"line":29,"column":23},"end":{"line":29,"column":56}},"type":"binary-expr","locations":[{"start":{"line":29,"column":23},"end":{"line":29,"column":33}},{"start":{"line":29,"column":37},"end":{"line":29,"column":56}}],"line":29},"4":{"loc":{"start":{"line":33,"column":11},"end":{"line":37,"column":5}},"type":"if","locations":[{"start":{"line":33,"column":11},"end":{"line":37,"column":5}},{"start":{"line":35,"column":11},"end":{"line":37,"column":5}}],"line":33},"5":{"loc":{"start":{"line":35,"column":11},"end":{"line":37,"column":5}},"type":"if","locations":[{"start":{"line":35,"column":11},"end":{"line":37,"column":5}},{"start":{},"end":{}}],"line":35},"6":{"loc":{"start":{"line":35,"column":15},"end":{"line":35,"column":66}},"type":"binary-expr","locations":[{"start":{"line":35,"column":15},"end":{"line":35,"column":34}},{"start":{"line":35,"column":38},"end":{"line":35,"column":66}}],"line":35}},"s":{"0":1,"1":0,"2":0,"3":0,"4":0,"5":0,"6":0,"7":0,"8":0,"9":0,"10":0,"11":0,"12":0,"13":0,"14":0,"15":0,"16":0,"17":0,"18":0,"19":0,"20":0,"21":0,"22":0,"23":0},"f":{"0":0,"1":0,"2":0},"b":{"0":[0,0],"1":[0,0],"2":[0,0],"3":[0,0],"4":[0,0],"5":[0,0],"6":[0,0]},"_coverageSchema":"1a1c01bbd47fc00a2c39e90264f33305004495a9","hash":"8e77fd208d38d59a1f33e4d008c8796b154e2030"}
}
