TN:
SF:server.js
FN:15,(anonymous_0)
FN:19,(anonymous_1)
FN:24,(anonymous_2)
FN:27,(anonymous_3)
FN:32,(anonymous_4)
FN:41,(anonymous_5)
FN:50,(anonymous_6)
FN:84,(anonymous_7)
FN:85,(anonymous_8)
FN:91,(anonymous_9)
FN:98,(anonymous_10)
FNF:11
FNH:4
FNDA:1,(anonymous_0)
FNDA:0,(anonymous_1)
FNDA:1,(anonymous_2)
FNDA:0,(anonymous_3)
FNDA:0,(anonymous_4)
FNDA:0,(anonymous_5)
FNDA:0,(anonymous_6)
FNDA:1,(anonymous_7)
FNDA:0,(anonymous_8)
FNDA:0,(anonymous_9)
FNDA:1,(anonymous_10)
DA:10,1
DA:15,1
DA:16,1
DA:19,1
DA:20,0
DA:25,1
DA:26,1
DA:27,1
DA:28,0
DA:33,0
DA:34,0
DA:35,0
DA:37,0
DA:42,0
DA:43,0
DA:44,0
DA:46,0
DA:51,0
DA:52,0
DA:53,0
DA:55,0
DA:61,1
DA:64,1
DA:65,1
DA:68,1
DA:79,1
DA:84,1
DA:85,0
DA:88,1
DA:91,1
DA:92,0
DA:93,0
DA:97,1
DA:98,1
DA:99,1
LF:35
LH:18
BRDA:35,0,0,0
BRDA:35,0,1,0
BRDA:97,1,0,1
BRDA:97,1,1,1
BRF:4
BRH:2
end_of_record
TN:
SF:controllers\faqController.js
FN:6,(anonymous_0)
FN:58,restoreHtmlFormatting
FN:59,(anonymous_2)
FN:64,replaceTextNodes
FN:67,(anonymous_4)
FN:88,(anonymous_5)
FN:106,(anonymous_6)
FN:112,(anonymous_7)
FNF:8
FNH:3
FNDA:1,(anonymous_0)
FNDA:0,restoreHtmlFormatting
FNDA:0,(anonymous_2)
FNDA:0,replaceTextNodes
FNDA:0,(anonymous_4)
FNDA:0,(anonymous_5)
FNDA:1,(anonymous_6)
FNDA:1,(anonymous_7)
DA:6,1
DA:7,1
DA:8,1
DA:10,1
DA:12,1
DA:13,1
DA:15,1
DA:17,0
DA:23,0
DA:29,1
DA:37,1
DA:44,1
DA:45,1
DA:47,1
DA:49,0
DA:50,0
DA:59,0
DA:60,0
DA:61,0
DA:62,0
DA:65,0
DA:68,0
DA:69,0
DA:70,0
DA:71,0
DA:74,0
DA:75,0
DA:78,0
DA:83,0
DA:84,0
DA:88,1
DA:89,0
DA:91,0
DA:92,0
DA:94,0
DA:95,0
DA:98,0
DA:99,0
DA:101,0
DA:102,0
DA:106,1
DA:107,1
DA:109,1
DA:111,1
DA:112,1
DA:120,1
DA:122,0
LF:47
LH:19
BRDA:15,0,0,0
BRDA:15,0,1,1
BRDA:68,1,0,0
BRDA:68,1,1,0
BRDA:70,2,0,0
BRDA:70,2,1,0
BRDA:94,3,0,0
BRDA:94,3,1,0
BRDA:107,4,0,1
BRDA:113,5,0,1
BRDA:113,5,1,1
BRDA:114,6,0,1
BRDA:114,6,1,1
BRF:13
BRH:6
end_of_record
TN:
SF:models\faq.js
FN:14,(anonymous_0)
FNF:1
FNH:0
FNDA:0,(anonymous_0)
DA:3,1
DA:14,1
DA:15,0
DA:16,0
DA:19,0
DA:20,0
DA:21,0
DA:24,0
DA:27,1
LF:9
LH:3
BRDA:19,0,0,0
BRDA:19,0,1,0
BRDA:20,1,0,0
BRDA:20,1,1,0
BRDA:21,2,0,0
BRDA:21,2,1,0
BRF:6
BRH:0
end_of_record
TN:
SF:routes\faqRoutes.js
FNF:0
FNH:0
DA:4,1
DA:6,1
DA:8,1
DA:10,1
LF:4
LH:4
BRF:0
BRH:0
end_of_record
TN:
SF:services\translateService.js
FN:4,(anonymous_0)
FN:22,getPlainText
FN:26,(anonymous_2)
FNF:3
FNH:0
FNDA:0,(anonymous_0)
FNDA:0,getPlainText
FNDA:0,(anonymous_2)
DA:4,1
DA:5,0
DA:7,0
DA:8,0
DA:9,0
DA:10,0
DA:12,0
DA:13,0
DA:14,0
DA:15,0
DA:17,0
DA:18,0
DA:23,0
DA:25,0
DA:26,0
DA:27,0
DA:28,0
DA:29,0
DA:30,0
DA:33,0
DA:34,0
DA:35,0
DA:36,0
DA:39,0
LF:24
LH:1
BRDA:25,0,0,0
BRDA:25,0,1,0
BRDA:27,1,0,0
BRDA:27,1,1,0
BRDA:29,2,0,0
BRDA:29,2,1,0
BRDA:29,3,0,0
BRDA:29,3,1,0
BRDA:33,4,0,0
BRDA:33,4,1,0
BRDA:35,5,0,0
BRDA:35,5,1,0
BRDA:35,6,0,0
BRDA:35,6,1,0
BRF:14
BRH:0
end_of_record
